Orig Field #1:
0000000000
0000000000
0000000000
0000000000
0000000000
0000000000
0000000000
0000000000
0000000000
0000000000
I 1 1
I 3 2

Field #2:
*100
2210
1*10
1110

Orig Field #3:
0000000000
0000000000
0000000000
0000000000
0000000000
0000000000
0000000000
0000000000
0000000000
0000000000
I 1 1
I 1 2
I 3 2

Field #4:
**100
33200
1*100

Orig Field #5:
0000000000
0000000000
0000000000
1110000000
0000000000
0000000000
0000000000
0000000000
0000000000
0000000000
I 1 2
I 2 1
I 2 2
I 2 3
I 3 1
I 3 3
I 3 4
I 4 1
I 4 2
I 5 3

Field #6:
3*31
***3
*7**
**43
23*1
